4 threads: 19776(main) 19785(85) 19794(94) 19703(03)
    tmut-19776 [000] d... 95271.225904: sched_wakeup_new: comm=tmut pid=19785 prio=120 success=1 target_cpu=000				# main	create 85
    tmut-19776 [000] .... 95271.225912: sys_nanosleep(rqtp: 7fff53535bc0, rmtp: 7fff53535bc0)						# main	sleep
    tmut-19785 [000] .... 95271.225974: sys_nanosleep(rqtp: 7fccde52ed10, rmtp: 7fccde52ed10)						# 85	sleep
  <idle>-0     [000] dNh. 95272.226663: sched_wakeup: comm=tmut pid=19776 prio=120 success=1 target_cpu=000				# main	wakeup
    tmut-19776 [000] .... 95272.226678: sys_nanosleep -> 0x0										# 
    tmut-19776 [000] d... 95272.226749: sched_wakeup_new: comm=tmut pid=19794 prio=120 success=1 target_cpu=000				# main	create 94
    tmut-19776 [000] .... 95272.226757: sys_nanosleep(rqtp: 7fff53535bc0, rmtp: 7fff53535bc0)						# main	sleep
    tmut-19794 [000] .... 95272.226811: sys_futex(uaddr: 6023e0, op: 80, val: 2, utime: 0, uaddr2: 6023e0, val3: 0)			# 94	blocked by futex
  <idle>-0     [000] dNh. 95273.227518: sched_wakeup: comm=tmut pid=19776 prio=120 success=1 target_cpu=000				# main	wakeup
    tmut-19776 [000] .... 95273.227534: sys_nanosleep -> 0x0										# 
    tmut-19776 [000] d... 95273.227602: sched_wakeup_new: comm=tmut pid=19803 prio=120 success=1 target_cpu=000				# main create 03
    tmut-19776 [000] .... 95273.227609: sys_nanosleep(rqtp: 7fff53535bc0, rmtp: 7fff53535bc0)						# main sleep
    tmut-19803 [000] .... 95273.227663: sys_futex(uaddr: 6023e0, op: 80, val: 2, utime: 0, uaddr2: 6023e0, val3: 0)			# 03	blocked by futex
  <idle>-0     [000] dNh. 95274.228365: sched_wakeup: comm=tmut pid=19776 prio=120 success=1 target_cpu=000				# main	wakeup
    tmut-19776 [000] .... 95274.228381: sys_nanosleep -> 0x0										# 
    tmut-19776 [000] .... 95274.228390: sys_nanosleep(rqtp: 7fff53535bc0, rmtp: 7fff53535bc0)						# main	sleep
  <idle>-0     [000] dNh. 95275.228577: sched_wakeup: comm=tmut pid=19785 prio=120 success=1 target_cpu=000				# 85	wakeup
    tmut-19785 [000] .... 95275.228592: sys_nanosleep -> 0x0										#
    tmut-19785 [000] .... 95275.228598: sys_futex(uaddr: 6023e0, op: 81, val: 1, utime: 7fccde52ecb0, uaddr2: 0, val3: 7fccde52ec60)	# 85	release futex
    tmut-19785 [000] d... 95275.228608: sched_wakeup: comm=tmut pid=19794 prio=120 success=1 target_cpu=000				# 	and wakeup 94
    tmut-19785 [000] .... 95275.228609: sys_futex -> 0x1										#
    tmut-19794 [000] .... 95275.228668: sys_futex -> 0x0										# 94	get futex !
    tmut-19794 [000] .... 95275.228676: sys_nanosleep(rqtp: 7fccddd2dd10, rmtp: 7fccddd2dd10)						# 94	sleep
  <idle>-0     [000] dNh. 95279.231276: sched_wakeup: comm=tmut pid=19794 prio=120 success=1 target_cpu=000				# 94	wakeup
    tmut-19794 [000] .... 95279.231291: sys_nanosleep -> 0x0										#
    tmut-19794 [000] .... 95279.231294: sys_futex(uaddr: 6023e0, op: 81, val: 1, utime: 8, uaddr2: 0, val3: 7fccddd2dc60)		# 94	release futex
    tmut-19794 [000] d... 95279.231304: sched_wakeup: comm=tmut pid=19803 prio=120 success=1 target_cpu=000				# 	and wakeup 03
    tmut-19794 [000] .... 95279.231306: sys_futex -> 0x1										#
    tmut-19803 [000] .... 95279.231358: sys_futex -> 0x0										# 03	get futex !
    tmut-19803 [000] .... 95279.231366: sys_nanosleep(rqtp: 7fccdd52cd10, rmtp: 7fccdd52cd10)						# 03	sleep
  <idle>-0     [000] dNh. 95283.233973: sched_wakeup: comm=tmut pid=19803 prio=120 success=1 target_cpu=000				# 03	wakeup
    tmut-19803 [000] .... 95283.233988: sys_nanosleep -> 0x0										# 
    tmut-19803 [000] .... 95283.233992: sys_futex(uaddr: 6023e0, op: 81, val: 1, utime: 8, uaddr2: 0, val3: 7fccdd52cc60)		# 03	release futex
    tmut-19803 [000] .... 95283.233993: sys_futex -> 0x0										# 
  <idle>-0     [000] dNh. 95284.234696: sched_wakeup: comm=tmut pid=19776 prio=120 success=1 target_cpu=000				# main	wakeup
    tmut-19776 [000] .... 95284.234711: sys_nanosleep -> 0x0										# 

The essential events:
# main	95271.225904	create 85
# 85	95271.225974	sleep (in fact after getting the futex with no trouble)
# main	95272.226749	create 94
# 94	95272.226811	blocked by futex
# main	95273.227602	create 03
# 03	95273.227663	blocked by futex
# 85	95275.228577	wakeup
## 85	95275.228598	release futex and wakeup 94
## 94	95275.228668	get futex!
# 94	95275.228676	sleep
# 94	95279.231276	wakeup
## 94	95279.231294	release futex and wakeup 03
## 03	95279.231358	get futex!
# 03	95279.231366	sleep
# 03	95283.233973	wakeup
# 03	95283.233992	release futex
